<?xml version="1.0" encoding="UTF-8"?>
<!-- Generated by org.testng.reporters.JUnitReportReporter -->
<testsuite hostname="DESKTOP-GPCN3AF" failures="0" tests="2" name="runner.TestRunner" time="11.366" errors="0" timestamp="2023-07-21T13:05:34 IST" skipped="0">
  <testcase classname="runner.TestRunner" name="runScenario" time="4.775"/>
  <system-out/>
  <testcase classname="runner.TestRunner" name="runScenario" time="6.591"/>
  <system-out/>
</testsuite> <!-- runner.TestRunner -->
